<?xml version="1.0" encoding="UTF-8"?>
<!-- Generated by org.testng.reporters.JUnitReportReporter -->
<testsuite hostname="HAQUE2531" failures="0" tests="3" name="TestingTest.Testing2" time="0.020" errors="0" timestamp="2025-07-14T10:54:09 IST" skipped="0">
  <testcase classname="TestingTest.Testing2" name="printTest2" time="0.004"/>
  <system-out/>
  <testcase classname="TestingTest.Testing2" name="printTest3" time="0.004"/>
  <system-out/>
  <testcase classname="TestingTest.Testing2" name="printTest1" time="0.012"/>
  <system-out/>
</testsuite> <!-- TestingTest.Testing2 -->
