<?xml version="1.0" encoding="UTF-8"?>
<!-- Generated by org.testng.reporters.JUnitReportReporter -->
<testsuite hostname="HAQUE2531" failures="0" tests="3" name="TestingTest.Testing1" time="0.013" errors="0" timestamp="2025-07-14T10:54:09 IST" skipped="0">
  <testcase classname="TestingTest.Testing1" name="printTest2" time="0.007"/>
  <system-out/>
  <testcase classname="TestingTest.Testing1" name="printTest3" time="0.004"/>
  <system-out/>
  <testcase classname="TestingTest.Testing1" name="printTest1" time="0.002"/>
  <system-out/>
</testsuite> <!-- TestingTest.Testing1 -->
